2025-04-09 09:06:10.249 | INFO     | __main__:main:20 - 

📥 Downloading latest data...
2025-04-09 09:06:17.808 | INFO     | verra.downloader:download_csv:26 - Table loaded.
2025-04-09 09:06:17.808 | INFO     | verra.downloader:download_csv:29 - Waiting for table data to load...
2025-04-09 09:06:22.206 | INFO     | verra.downloader:download_csv:34 - Found 250 rows in the table
2025-04-09 09:06:22.206 | INFO     | verra.downloader:download_csv:43 - Table is populated, proceeding with download...
2025-04-09 09:06:22.208 | INFO     | verra.downloader:download_csv:45 - Attempting to click download button...
2025-04-09 09:06:27.107 | INFO     | verra.downloader:download_csv:50 - Download started! Saving to: /home/runner/work/verra_scrape/verra_scrape/data/archive/verra_2025-04-09.csv
2025-04-09 09:06:27.140 | INFO     | verra.downloader:download_csv:55 - Downloaded file saved at: /home/runner/work/verra_scrape/verra_scrape/data/archive/verra_2025-04-09.csv
2025-04-09 09:06:27.304 | INFO     | __main__:main:23 - 

🔍 Checking for changes...
2025-04-09 09:06:27.337 | INFO     | verra.differ:detect_changes:64 - 🔍 Summary of old data:
                                            column   dtype  n_unique  n_null memory_usage                                     example_values
column_index                                                                                                                                
0                                               ID   int64      4563       0     35.78 KB                     [5498, 5489, 5477, 5471, 5459]
1                                             Name  object      4562       1    475.82 KB  [Hedong Biogas Recovery and Utilization Projec...
2                                        Proponent  object      2322       2    368.74 KB  [Fengcheng Xinfengtai Environment Technology C...
3                                     Project Type  object        48       0    418.23 KB  [Livestock, enteric fermentation, and manure m...
4                                 AFOLU Activities  object        19    3002    174.09 KB                   [nan, ARR, IFM, REDD, ARR; REDD]
5                                      Methodology  object       268      24    256.13 KB      [AMS-III.D., VM0047, ACM0001, VM0010, VM0007]
6                                           Status  object        19       0    288.67 KB  [Under development, Under validation, Registra...
7                                     Country/Area  object       126       0    247.36 KB                 [China, Mexico, Brazil, Lao, Peru]
8             Estimated Annual Emission Reductions  object      4213       0    246.73 KB         [57,112, 12,352, 37,257, 112,212, 280,463]
9                                           Region  object         8     240    241.49 KB  [Asia, North America, Latin America, Middle Ea...
10                       Project Registration Date  object      1081    2016    209.88 KB  [nan, 2025-03-16, 2025-02-25, 2025-02-27, 2025...
11                     Crediting Period Start Date  object      1483    1242    230.29 KB  [2023-06-01, 2022-05-16, 2023-10-01, 2021-07-0...
12                       Crediting Period End Date  object      1916    1242    230.29 KB  [2030-05-31, 2052-05-15, 2033-09-30, 2028-06-3...
2025-04-09 09:06:35.194 | INFO     | __main__:main:27 - 
🆕 585 new rows found.
2025-04-09 09:06:35.194 | INFO     | __main__:main:30 - 
❌ 574 removed rows found.
2025-04-09 09:06:35.216 | SUCCESS  | __main__:main:33 - ✅ Updated latest view.
