2025-04-16 09:06:04.356 | INFO     | __main__:main:20 - 

📥 Downloading latest data...
2025-04-16 09:06:05.756 | INFO     | verra.downloader:download_csv:26 - Table loaded.
2025-04-16 09:06:05.756 | INFO     | verra.downloader:download_csv:29 - Waiting for table data to load...
2025-04-16 09:06:10.087 | INFO     | verra.downloader:download_csv:34 - Found 250 rows in the table
2025-04-16 09:06:10.087 | INFO     | verra.downloader:download_csv:43 - Table is populated, proceeding with download...
2025-04-16 09:06:10.089 | INFO     | verra.downloader:download_csv:45 - Attempting to click download button...
2025-04-16 09:06:14.929 | INFO     | verra.downloader:download_csv:50 - Download started! Saving to: /home/runner/work/verra_scrape/verra_scrape/data/archive/verra_2025-04-16.csv
2025-04-16 09:06:14.963 | INFO     | verra.downloader:download_csv:55 - Downloaded file saved at: /home/runner/work/verra_scrape/verra_scrape/data/archive/verra_2025-04-16.csv
2025-04-16 09:06:15.026 | INFO     | __main__:main:23 - 

🔍 Checking for changes...
2025-04-16 09:06:15.060 | INFO     | verra.differ:detect_changes:64 - 🔍 Summary of old data:
                                            column   dtype  n_unique  n_null memory_usage                                     example_values
column_index                                                                                                                                
0                                               ID   int64      4574       0     35.86 KB                     [5498, 5489, 5487, 5479, 5477]
1                                             Name  object      4573       1    476.95 KB  [Hedong Biogas Recovery and Utilization Projec...
2                                        Proponent  object      2325       2     369.5 KB  [Fengcheng Xinfengtai Environment Technology C...
3                                     Project Type  object        48       0     419.3 KB  [Livestock, enteric fermentation, and manure m...
4                                 AFOLU Activities  object        19    3008    174.54 KB               [nan, ARR, ARR; REDD; WRC, ALM, IFM]
5                                      Methodology  object       269      24    256.73 KB      [AMS-III.D., VM0047, VM0043, AM0023, ACM0001]
6                                           Status  object        19       0    291.41 KB  [Under validation, Under development, Registra...
7                                     Country/Area  object       127       0    247.98 KB  [China, Mexico, United States, Azerbaijan, Mal...
8             Estimated Annual Emission Reductions  object      4224       0    247.33 KB            [57,112, 12,352, 3,551, 45,405, 37,257]
9                                           Region  object         8     240     242.1 KB  [Asia, North America, Latin America, Middle Ea...
10                       Project Registration Date  object      1085    2022    210.36 KB  [nan, 2025-04-07, 2025-03-16, 2025-04-06, 2025...
11                     Crediting Period Start Date  object      1482    1265    230.32 KB  [2023-06-01, 2022-05-16, 2021-07-01, nan, 2023...
12                       Crediting Period End Date  object      1913    1265    230.32 KB  [2030-05-31, 2052-05-15, 2028-06-30, nan, 2033...
2025-04-16 09:06:22.956 | INFO     | __main__:main:27 - 
🆕 51 new rows found.
2025-04-16 09:06:22.957 | INFO     | __main__:main:30 - 
❌ 42 removed rows found.
2025-04-16 09:06:22.978 | SUCCESS  | __main__:main:33 - ✅ Updated latest view.
